[    2044ms] [WARNING] Returning a Promise is the preferred way to send a reply from an onMessage/onMessageExternal listener, as the sendResponse will be removed from the specs (See https://developer.mozilla.org/docs/Mozilla/Add-ons/WebExtensions/API/runtime/onMessage) Error
    at o (chrome-extension://jmjbgcjbgmcfgbgikmbdioggjlhjegpp/insides/content/content.js:3:378065)
    at chrome-extension://jmjbgcjbgmcfgbgikmbdioggjlhjegpp/insides/content/content.js:362:300985
    at chrome-extension://jmjbgcjbgmcfgbgikmbdioggjlhjegpp/insides/content/content.js:3:378108 @ chrome-extension://jmjbgcjbgmcfgbgikmbdioggjlhjegpp/insides/content/content.js:2
[    2048ms] [ERROR] WebSocket connection to 'ws://localhost:8081/' failed:  @ chrome-extension://fdgfkebogiimcoedlicjlajpkdmockpc/refresh.js:26
[  231083ms] [WARNING] Returning a Promise is the preferred way to send a reply from an onMessage/onMessageExternal listener, as the sendResponse will be removed from the specs (See https://developer.mozilla.org/docs/Mozilla/Add-ons/WebExtensions/API/runtime/onMessage) Error
    at o (chrome-extension://jmjbgcjbgmcfgbgikmbdioggjlhjegpp/insides/content/content.js:3:378065)
    at chrome-extension://jmjbgcjbgmcfgbgikmbdioggjlhjegpp/insides/content/content.js:362:300985
    at chrome-extension://jmjbgcjbgmcfgbgikmbdioggjlhjegpp/insides/content/content.js:3:378108 @ chrome-extension://jmjbgcjbgmcfgbgikmbdioggjlhjegpp/insides/content/content.js:2
[  231085ms] [ERROR] WebSocket connection to 'ws://localhost:8081/' failed:  @ chrome-extension://fdgfkebogiimcoedlicjlajpkdmockpc/refresh.js:26
[  302292ms] [ERROR] WebSocket connection to 'ws://localhost:8081/' failed:  @ chrome-extension://fdgfkebogiimcoedlicjlajpkdmockpc/refresh.js:26
[  302293ms] [WARNING] Returning a Promise is the preferred way to send a reply from an onMessage/onMessageExternal listener, as the sendResponse will be removed from the specs (See https://developer.mozilla.org/docs/Mozilla/Add-ons/WebExtensions/API/runtime/onMessage) Error
    at o (chrome-extension://jmjbgcjbgmcfgbgikmbdioggjlhjegpp/insides/content/content.js:3:378065)
    at chrome-extension://jmjbgcjbgmcfgbgikmbdioggjlhjegpp/insides/content/content.js:362:300985
    at chrome-extension://jmjbgcjbgmcfgbgikmbdioggjlhjegpp/insides/content/content.js:3:378108 @ chrome-extension://jmjbgcjbgmcfgbgikmbdioggjlhjegpp/insides/content/content.js:2
[  338791ms] [ERROR] WebSocket connection to 'ws://localhost:8081/' failed:  @ chrome-extension://fdgfkebogiimcoedlicjlajpkdmockpc/refresh.js:26
[  338791ms] [WARNING] Returning a Promise is the preferred way to send a reply from an onMessage/onMessageExternal listener, as the sendResponse will be removed from the specs (See https://developer.mozilla.org/docs/Mozilla/Add-ons/WebExtensions/API/runtime/onMessage) Error
    at o (chrome-extension://jmjbgcjbgmcfgbgikmbdioggjlhjegpp/insides/content/content.js:3:378065)
    at chrome-extension://jmjbgcjbgmcfgbgikmbdioggjlhjegpp/insides/content/content.js:362:300985
    at chrome-extension://jmjbgcjbgmcfgbgikmbdioggjlhjegpp/insides/content/content.js:3:378108 @ chrome-extension://jmjbgcjbgmcfgbgikmbdioggjlhjegpp/insides/content/content.js:2
[  348784ms] [ERROR] WebSocket connection to 'ws://localhost:8081/' failed:  @ chrome-extension://fdgfkebogiimcoedlicjlajpkdmockpc/refresh.js:26
[  348784ms] [WARNING] Returning a Promise is the preferred way to send a reply from an onMessage/onMessageExternal listener, as the sendResponse will be removed from the specs (See https://developer.mozilla.org/docs/Mozilla/Add-ons/WebExtensions/API/runtime/onMessage) Error
    at o (chrome-extension://jmjbgcjbgmcfgbgikmbdioggjlhjegpp/insides/content/content.js:3:378065)
    at chrome-extension://jmjbgcjbgmcfgbgikmbdioggjlhjegpp/insides/content/content.js:362:300985
    at chrome-extension://jmjbgcjbgmcfgbgikmbdioggjlhjegpp/insides/content/content.js:3:378108 @ chrome-extension://jmjbgcjbgmcfgbgikmbdioggjlhjegpp/insides/content/content.js:2
